[2026-03-02T14:34:14.443Z] STATS API: user=c6097c75-f6b1-4e92-9f8d-c0cb4f9159d8 bizcoins=100000
[2026-03-02T14:35:27.141Z] STATS API: user=c6097c75-f6b1-4e92-9f8d-c0cb4f9159d8 bizcoins=100000
[2026-03-02T14:36:07.149Z] STATS API: user=c6097c75-f6b1-4e92-9f8d-c0cb4f9159d8 bizcoins=100000
[2026-03-02T14:37:14.019Z] STATS API: user=c6097c75-f6b1-4e92-9f8d-c0cb4f9159d8 bizcoins=100000
[2026-03-02T14:46:01.247Z] STATS API: user=c6097c75-f6b1-4e92-9f8d-c0cb4f9159d8 bizcoins=100000
[2026-03-02T15:13:46.058Z] STATS API: user=c6097c75-f6b1-4e92-9f8d-c0cb4f9159d8 bizcoins=100000
[2026-03-02T15:14:15.477Z] STATS API: user=c6097c75-f6b1-4e92-9f8d-c0cb4f9159d8 bizcoins=100000
[2026-03-02T15:14:18.970Z] STATS API: user=c6097c75-f6b1-4e92-9f8d-c0cb4f9159d8 bizcoins=100000
[2026-03-02T15:14:22.244Z] STATS API: user=c6097c75-f6b1-4e92-9f8d-c0cb4f9159d8 bizcoins=100000
[2026-03-02T15:14:25.547Z] STATS API: user=c6097c75-f6b1-4e92-9f8d-c0cb4f9159d8 bizcoins=100000
[2026-03-02T15:14:27.656Z] REQUEST: user=c6097c75-f6b1-4e92-9f8d-c0cb4f9159d8 product=1 price=200
[2026-03-02T15:14:27.656Z] START TRANSACTION: user=c6097c75-f6b1-4e92-9f8d-c0cb4f9159d8
[2026-03-02T15:14:28.277Z] BALANCE CHECK: Diego Peña has 100000, need 200
[2026-03-02T15:14:28.278Z] DEDUCTING: 200 from Diego Peña
[2026-03-02T15:14:28.884Z] SUCCESS: user=c6097c75-f6b1-4e92-9f8d-c0cb4f9159d8 new_balance=99800
[2026-03-02T15:14:28.980Z] STATS API: user=c6097c75-f6b1-4e92-9f8d-c0cb4f9159d8 bizcoins=100000
[2026-03-02T15:14:32.391Z] STATS API: user=c6097c75-f6b1-4e92-9f8d-c0cb4f9159d8 bizcoins=99800
[2026-03-02T15:14:35.094Z] REQUEST: user=c6097c75-f6b1-4e92-9f8d-c0cb4f9159d8 product=2 price=500
[2026-03-02T15:14:35.095Z] START TRANSACTION: user=c6097c75-f6b1-4e92-9f8d-c0cb4f9159d8
[2026-03-02T15:14:35.597Z] BALANCE CHECK: Diego Peña has 99800, need 500
[2026-03-02T15:14:35.597Z] DEDUCTING: 500 from Diego Peña
[2026-03-02T15:14:36.173Z] SUCCESS: user=c6097c75-f6b1-4e92-9f8d-c0cb4f9159d8 new_balance=99300
[2026-03-02T15:14:39.744Z] STATS API: user=c6097c75-f6b1-4e92-9f8d-c0cb4f9159d8 bizcoins=99300
[2026-03-02T15:14:42.428Z] REQUEST: user=c6097c75-f6b1-4e92-9f8d-c0cb4f9159d8 product=3 price=350
[2026-03-02T15:14:42.428Z] START TRANSACTION: user=c6097c75-f6b1-4e92-9f8d-c0cb4f9159d8
[2026-03-02T15:14:42.935Z] BALANCE CHECK: Diego Peña has 99300, need 350
[2026-03-02T15:14:42.935Z] DEDUCTING: 350 from Diego Peña
[2026-03-02T15:14:43.510Z] SUCCESS: user=c6097c75-f6b1-4e92-9f8d-c0cb4f9159d8 new_balance=98950
[2026-03-02T15:14:47.163Z] STATS API: user=c6097c75-f6b1-4e92-9f8d-c0cb4f9159d8 bizcoins=98950
[2026-03-02T15:14:50.864Z] STATS API: user=c6097c75-f6b1-4e92-9f8d-c0cb4f9159d8 bizcoins=98950
[2026-03-02T15:14:54.224Z] STATS API: user=c6097c75-f6b1-4e92-9f8d-c0cb4f9159d8 bizcoins=98950
[2026-03-02T15:15:08.691Z] STATS API: user=c6097c75-f6b1-4e92-9f8d-c0cb4f9159d8 bizcoins=98950
[2026-03-02T15:15:35.138Z] STATS API: user=c6097c75-f6b1-4e92-9f8d-c0cb4f9159d8 bizcoins=98950
[2026-03-02T15:15:52.585Z] STATS API: user=c6097c75-f6b1-4e92-9f8d-c0cb4f9159d8 bizcoins=98950
[2026-03-02T15:16:30.377Z] STATS API: user=c6097c75-f6b1-4e92-9f8d-c0cb4f9159d8 bizcoins=98950
[2026-03-02T15:16:33.903Z] STATS API: user=c6097c75-f6b1-4e92-9f8d-c0cb4f9159d8 bizcoins=98950
[2026-03-02T15:16:35.846Z] STATS API: user=c6097c75-f6b1-4e92-9f8d-c0cb4f9159d8 bizcoins=98950
[2026-03-02T15:16:39.229Z] STATS API: user=c6097c75-f6b1-4e92-9f8d-c0cb4f9159d8 bizcoins=98950
[2026-03-02T15:16:42.562Z] STATS API: user=c6097c75-f6b1-4e92-9f8d-c0cb4f9159d8 bizcoins=98950
[2026-03-02T15:16:45.840Z] STATS API: user=c6097c75-f6b1-4e92-9f8d-c0cb4f9159d8 bizcoins=98950
[2026-03-02T15:16:49.354Z] STATS API: user=c6097c75-f6b1-4e92-9f8d-c0cb4f9159d8 bizcoins=98950
[2026-03-02T15:16:52.901Z] STATS API: user=c6097c75-f6b1-4e92-9f8d-c0cb4f9159d8 bizcoins=98950
[2026-03-02T15:17:42.595Z] STATS API: user=c6097c75-f6b1-4e92-9f8d-c0cb4f9159d8 bizcoins=98950
[2026-03-02T15:17:46.095Z] STATS API: user=c6097c75-f6b1-4e92-9f8d-c0cb4f9159d8 bizcoins=98950
[2026-03-02T15:19:51.884Z] STATS API: user=c6097c75-f6b1-4e92-9f8d-c0cb4f9159d8 bizcoins=98950
[2026-03-02T15:19:54.333Z] STATS API: user=c6097c75-f6b1-4e92-9f8d-c0cb4f9159d8 bizcoins=98950
[2026-03-02T15:19:58.157Z] STATS API: user=c6097c75-f6b1-4e92-9f8d-c0cb4f9159d8 bizcoins=98950
[2026-03-02T15:20:01.656Z] STATS API: user=c6097c75-f6b1-4e92-9f8d-c0cb4f9159d8 bizcoins=98950
[2026-03-02T15:20:15.843Z] STATS API: user=c6097c75-f6b1-4e92-9f8d-c0cb4f9159d8 bizcoins=98950
[2026-03-02T15:20:18.095Z] STATS API: user=c6097c75-f6b1-4e92-9f8d-c0cb4f9159d8 bizcoins=98950
[2026-03-02T15:20:21.419Z] STATS API: user=c6097c75-f6b1-4e92-9f8d-c0cb4f9159d8 bizcoins=98950
[2026-03-02T15:20:24.945Z] STATS API: user=c6097c75-f6b1-4e92-9f8d-c0cb4f9159d8 bizcoins=98950
[2026-03-02T15:20:56.817Z] STATS API: user=c6097c75-f6b1-4e92-9f8d-c0cb4f9159d8 bizcoins=98950
[2026-03-02T15:20:58.664Z] STATS API: user=c6097c75-f6b1-4e92-9f8d-c0cb4f9159d8 bizcoins=98950
[2026-03-02T15:21:03.974Z] STATS API: user=c6097c75-f6b1-4e92-9f8d-c0cb4f9159d8 bizcoins=98950
[2026-03-02T15:21:07.759Z] STATS API: user=c6097c75-f6b1-4e92-9f8d-c0cb4f9159d8 bizcoins=98950
[2026-03-02T15:21:21.155Z] STATS API: user=c6097c75-f6b1-4e92-9f8d-c0cb4f9159d8 bizcoins=98950
[2026-03-02T15:22:02.680Z] STATS API: user=c6097c75-f6b1-4e92-9f8d-c0cb4f9159d8 bizcoins=98950
[2026-03-02T15:22:21.934Z] STATS API: user=c6097c75-f6b1-4e92-9f8d-c0cb4f9159d8 bizcoins=98950
[2026-03-02T15:22:34.549Z] STATS API: user=c6097c75-f6b1-4e92-9f8d-c0cb4f9159d8 bizcoins=98950
[2026-03-02T15:23:05.298Z] STATS API: user=c6097c75-f6b1-4e92-9f8d-c0cb4f9159d8 bizcoins=98950
[2026-03-02T15:23:08.643Z] STATS API: user=c6097c75-f6b1-4e92-9f8d-c0cb4f9159d8 bizcoins=98950
[2026-03-02T15:23:27.135Z] STATS API: user=c6097c75-f6b1-4e92-9f8d-c0cb4f9159d8 bizcoins=98950
[2026-03-02T15:23:30.584Z] STATS API: user=c6097c75-f6b1-4e92-9f8d-c0cb4f9159d8 bizcoins=98950
[2026-03-02T15:23:34.000Z] STATS API: user=c6097c75-f6b1-4e92-9f8d-c0cb4f9159d8 bizcoins=98950
[2026-03-02T15:25:53.155Z] STATS API: user=c6097c75-f6b1-4e92-9f8d-c0cb4f9159d8 bizcoins=98950
[2026-03-02T15:26:08.219Z] STATS API: user=c6097c75-f6b1-4e92-9f8d-c0cb4f9159d8 bizcoins=98950
[2026-03-02T15:26:15.249Z] STATS API: user=c6097c75-f6b1-4e92-9f8d-c0cb4f9159d8 bizcoins=98950
[2026-03-02T15:26:21.360Z] STATS API: user=c6097c75-f6b1-4e92-9f8d-c0cb4f9159d8 bizcoins=98950
[2026-03-02T15:26:24.747Z] STATS API: user=c6097c75-f6b1-4e92-9f8d-c0cb4f9159d8 bizcoins=98950
[2026-03-02T15:26:28.331Z] STATS API: user=c6097c75-f6b1-4e92-9f8d-c0cb4f9159d8 bizcoins=98950
[2026-03-02T15:26:42.076Z] STATS API: user=c6097c75-f6b1-4e92-9f8d-c0cb4f9159d8 bizcoins=98950
[2026-03-02T15:26:45.329Z] STATS API: user=c6097c75-f6b1-4e92-9f8d-c0cb4f9159d8 bizcoins=98950
[2026-03-02T15:26:48.615Z] STATS API: user=c6097c75-f6b1-4e92-9f8d-c0cb4f9159d8 bizcoins=98950
[2026-03-02T15:26:51.973Z] STATS API: user=c6097c75-f6b1-4e92-9f8d-c0cb4f9159d8 bizcoins=98950
[2026-03-02T15:26:55.248Z] STATS API: user=c6097c75-f6b1-4e92-9f8d-c0cb4f9159d8 bizcoins=98950
[2026-03-02T15:26:59.812Z] STATS API: user=c6097c75-f6b1-4e92-9f8d-c0cb4f9159d8 bizcoins=98950
[2026-03-02T15:27:03.536Z] STATS API: user=c6097c75-f6b1-4e92-9f8d-c0cb4f9159d8 bizcoins=98950
[2026-03-02T15:27:05.552Z] STATS API: user=c6097c75-f6b1-4e92-9f8d-c0cb4f9159d8 bizcoins=98950
[2026-03-02T15:27:06.994Z] STATS API: user=c6097c75-f6b1-4e92-9f8d-c0cb4f9159d8 bizcoins=98950
[2026-03-02T15:27:10.350Z] STATS API: user=c6097c75-f6b1-4e92-9f8d-c0cb4f9159d8 bizcoins=98950
[2026-03-02T15:27:13.839Z] STATS API: user=c6097c75-f6b1-4e92-9f8d-c0cb4f9159d8 bizcoins=98950
[2026-03-02T15:27:15.263Z] STATS API: user=c6097c75-f6b1-4e92-9f8d-c0cb4f9159d8 bizcoins=98950
[2026-03-02T15:27:17.195Z] STATS API: user=c6097c75-f6b1-4e92-9f8d-c0cb4f9159d8 bizcoins=98950
[2026-03-02T15:27:19.555Z] STATS API: user=c6097c75-f6b1-4e92-9f8d-c0cb4f9159d8 bizcoins=98950
[2026-03-02T15:33:45.683Z] STATS API: user=c6097c75-f6b1-4e92-9f8d-c0cb4f9159d8 bizcoins=98950
[2026-03-02T15:38:02.958Z] STATS API: user=c6097c75-f6b1-4e92-9f8d-c0cb4f9159d8 bizcoins=98950
[2026-03-02T15:38:06.555Z] STATS API: user=c6097c75-f6b1-4e92-9f8d-c0cb4f9159d8 bizcoins=98950
[2026-03-02T15:39:51.887Z] STATS API: user=c6097c75-f6b1-4e92-9f8d-c0cb4f9159d8 bizcoins=98950
[2026-03-02T15:41:03.764Z] STATS API: user=c6097c75-f6b1-4e92-9f8d-c0cb4f9159d8 bizcoins=98950
[2026-03-02T15:41:07.206Z] STATS API: user=c6097c75-f6b1-4e92-9f8d-c0cb4f9159d8 bizcoins=98950
[2026-03-02T15:41:23.219Z] STATS API: user=c6097c75-f6b1-4e92-9f8d-c0cb4f9159d8 bizcoins=98950
[2026-03-02T15:41:44.995Z] STATS API: user=c6097c75-f6b1-4e92-9f8d-c0cb4f9159d8 bizcoins=98950
[2026-03-02T15:42:19.143Z] STATS API: user=c6097c75-f6b1-4e92-9f8d-c0cb4f9159d8 bizcoins=98950
[2026-03-02T15:42:33.473Z] STATS API: user=c6097c75-f6b1-4e92-9f8d-c0cb4f9159d8 bizcoins=98950
[2026-03-02T15:43:36.070Z] STATS API: user=c6097c75-f6b1-4e92-9f8d-c0cb4f9159d8 bizcoins=98950
[2026-03-02T15:43:40.119Z] STATS API: user=c6097c75-f6b1-4e92-9f8d-c0cb4f9159d8 bizcoins=98950
[2026-03-02T15:43:40.405Z] STATS API: user=c6097c75-f6b1-4e92-9f8d-c0cb4f9159d8 bizcoins=98950
[2026-03-02T15:43:43.797Z] STATS API: user=c6097c75-f6b1-4e92-9f8d-c0cb4f9159d8 bizcoins=98950
[2026-03-02T15:43:50.583Z] STATS API: user=c6097c75-f6b1-4e92-9f8d-c0cb4f9159d8 bizcoins=98950
[2026-03-02T15:44:08.322Z] STATS API: user=c6097c75-f6b1-4e92-9f8d-c0cb4f9159d8 bizcoins=98950
[2026-03-02T15:44:12.029Z] STATS API: user=c6097c75-f6b1-4e92-9f8d-c0cb4f9159d8 bizcoins=98950
[2026-03-02T15:44:15.492Z] STATS API: user=c6097c75-f6b1-4e92-9f8d-c0cb4f9159d8 bizcoins=98950
[2026-03-02T15:44:19.409Z] STATS API: user=c6097c75-f6b1-4e92-9f8d-c0cb4f9159d8 bizcoins=98950
[2026-03-02T15:46:37.764Z] STATS API: user=c6097c75-f6b1-4e92-9f8d-c0cb4f9159d8 bizcoins=98950
[2026-03-02T15:46:44.856Z] STATS API: user=c6097c75-f6b1-4e92-9f8d-c0cb4f9159d8 bizcoins=98950
[2026-03-02T16:17:49.706Z] STATS API: user=c6097c75-f6b1-4e92-9f8d-c0cb4f9159d8 bizcoins=98950
[2026-03-02T16:17:49.709Z] STATS API: user=c6097c75-f6b1-4e92-9f8d-c0cb4f9159d8 bizcoins=98950
[2026-03-02T16:17:53.608Z] STATS API: user=c6097c75-f6b1-4e92-9f8d-c0cb4f9159d8 bizcoins=98950
[2026-03-02T16:17:57.145Z] STATS API: user=c6097c75-f6b1-4e92-9f8d-c0cb4f9159d8 bizcoins=98950
[2026-03-02T16:30:40.600Z] STATS API: user=c6097c75-f6b1-4e92-9f8d-c0cb4f9159d8 bizcoins=98950
[2026-03-02T16:31:05.482Z] STATS API: user=c6097c75-f6b1-4e92-9f8d-c0cb4f9159d8 bizcoins=98950
[2026-03-02T16:32:05.674Z] STATS API: user=c6097c75-f6b1-4e92-9f8d-c0cb4f9159d8 bizcoins=98950
[2026-03-02T16:32:06.392Z] REQUEST: user=c6097c75-f6b1-4e92-9f8d-c0cb4f9159d8 product=4 price=450
[2026-03-02T16:32:06.393Z] START TRANSACTION: user=c6097c75-f6b1-4e92-9f8d-c0cb4f9159d8
[2026-03-02T16:32:06.886Z] BALANCE CHECK: Diego Peña has 98950, need 450
[2026-03-02T16:32:06.887Z] DEDUCTING: 450 from Diego Peña
[2026-03-02T16:32:07.273Z] SUCCESS: user=c6097c75-f6b1-4e92-9f8d-c0cb4f9159d8 new_balance=98500
[2026-03-02T16:32:11.022Z] STATS API: user=c6097c75-f6b1-4e92-9f8d-c0cb4f9159d8 bizcoins=98500
[2026-03-02T16:32:28.796Z] STATS API: user=c6097c75-f6b1-4e92-9f8d-c0cb4f9159d8 bizcoins=98500
[2026-03-02T16:36:38.873Z] STATS API: user=c6097c75-f6b1-4e92-9f8d-c0cb4f9159d8 bizcoins=98500
[2026-03-02T16:55:23.689Z] STATS API: user=c6097c75-f6b1-4e92-9f8d-c0cb4f9159d8 bizcoins=98500
[2026-03-02T16:55:28.525Z] STATS API: user=c6097c75-f6b1-4e92-9f8d-c0cb4f9159d8 bizcoins=98500
[2026-03-02T16:56:07.007Z] STATS API: user=c6097c75-f6b1-4e92-9f8d-c0cb4f9159d8 bizcoins=98500
[2026-03-02T16:56:09.908Z] STATS API: user=c6097c75-f6b1-4e92-9f8d-c0cb4f9159d8 bizcoins=98500
[2026-03-02T16:56:13.244Z] STATS API: user=c6097c75-f6b1-4e92-9f8d-c0cb4f9159d8 bizcoins=98500
[2026-03-02T16:56:48.614Z] STATS API: user=c6097c75-f6b1-4e92-9f8d-c0cb4f9159d8 bizcoins=98500
[2026-03-02T16:56:55.700Z] STATS API: user=c6097c75-f6b1-4e92-9f8d-c0cb4f9159d8 bizcoins=98500
[2026-03-02T16:57:02.914Z] STATS API: user=c6097c75-f6b1-4e92-9f8d-c0cb4f9159d8 bizcoins=98500
[2026-03-02T16:57:06.391Z] STATS API: user=c6097c75-f6b1-4e92-9f8d-c0cb4f9159d8 bizcoins=98500
[2026-03-02T17:13:36.674Z] STATS API: user=c6097c75-f6b1-4e92-9f8d-c0cb4f9159d8 bizcoins=98500
[2026-03-02T17:13:40.185Z] STATS API: user=c6097c75-f6b1-4e92-9f8d-c0cb4f9159d8 bizcoins=98500
[2026-03-02T17:13:43.420Z] STATS API: user=c6097c75-f6b1-4e92-9f8d-c0cb4f9159d8 bizcoins=98500
[2026-03-02T17:13:46.866Z] STATS API: user=c6097c75-f6b1-4e92-9f8d-c0cb4f9159d8 bizcoins=98500
[2026-03-02T17:47:48.303Z] STATS API: user=c6097c75-f6b1-4e92-9f8d-c0cb4f9159d8 bizcoins=98500
[2026-03-02T17:47:52.213Z] STATS API: user=c6097c75-f6b1-4e92-9f8d-c0cb4f9159d8 bizcoins=98500
[2026-03-02T17:49:02.005Z] STATS API: user=c6097c75-f6b1-4e92-9f8d-c0cb4f9159d8 bizcoins=98500
[2026-03-02T17:49:06.073Z] STATS API: user=c6097c75-f6b1-4e92-9f8d-c0cb4f9159d8 bizcoins=98500
[2026-03-02T17:49:09.501Z] STATS API: user=c6097c75-f6b1-4e92-9f8d-c0cb4f9159d8 bizcoins=98500
[2026-03-02T17:49:59.412Z] STATS API: user=c6097c75-f6b1-4e92-9f8d-c0cb4f9159d8 bizcoins=98500
[2026-03-02T17:50:14.663Z] STATS API: user=c6097c75-f6b1-4e92-9f8d-c0cb4f9159d8 bizcoins=98500
[2026-03-02T17:50:20.537Z] STATS API: user=c6097c75-f6b1-4e92-9f8d-c0cb4f9159d8 bizcoins=98500
[2026-03-02T17:50:37.367Z] STATS API: user=c6097c75-f6b1-4e92-9f8d-c0cb4f9159d8 bizcoins=98500
[2026-03-02T17:50:52.723Z] STATS API: user=c6097c75-f6b1-4e92-9f8d-c0cb4f9159d8 bizcoins=98500
[2026-03-02T17:50:52.806Z] STATS API: user=c6097c75-f6b1-4e92-9f8d-c0cb4f9159d8 bizcoins=98500
[2026-03-02T17:50:56.233Z] STATS API: user=c6097c75-f6b1-4e92-9f8d-c0cb4f9159d8 bizcoins=98500
[2026-03-02T17:50:59.745Z] STATS API: user=c6097c75-f6b1-4e92-9f8d-c0cb4f9159d8 bizcoins=98500
[2026-03-02T17:54:09.083Z] STATS API: user=c6097c75-f6b1-4e92-9f8d-c0cb4f9159d8 bizcoins=98500
[2026-03-02T17:54:17.787Z] STATS API: user=c6097c75-f6b1-4e92-9f8d-c0cb4f9159d8 bizcoins=98500
[2026-03-02T17:54:26.233Z] STATS API: user=c6097c75-f6b1-4e92-9f8d-c0cb4f9159d8 bizcoins=98500
[2026-03-02T17:54:37.265Z] STATS API: user=c6097c75-f6b1-4e92-9f8d-c0cb4f9159d8 bizcoins=98500
[2026-03-02T17:54:49.743Z] STATS API: user=c6097c75-f6b1-4e92-9f8d-c0cb4f9159d8 bizcoins=98500
[2026-03-02T17:56:33.200Z] STATS API: user=c6097c75-f6b1-4e92-9f8d-c0cb4f9159d8 bizcoins=98500
[2026-03-02T17:56:36.735Z] STATS API: user=c6097c75-f6b1-4e92-9f8d-c0cb4f9159d8 bizcoins=98500
[2026-03-02T17:56:40.150Z] STATS API: user=c6097c75-f6b1-4e92-9f8d-c0cb4f9159d8 bizcoins=98500
[2026-03-02T17:56:43.784Z] STATS API: user=c6097c75-f6b1-4e92-9f8d-c0cb4f9159d8 bizcoins=98500
[2026-03-02T17:58:30.194Z] STATS API: user=c6097c75-f6b1-4e92-9f8d-c0cb4f9159d8 bizcoins=98500
[2026-03-02T19:40:26.284Z] STATS API CRASH: user=c6097c75-f6b1-4e92-9f8d-c0cb4f9159d8 error=
Invalid `__TURBOPACK__imported__module__$5b$project$5d2f$src$2f$lib$2f$prisma$2e$ts__$5b$app$2d$route$5d$__$28$ecmascript$29$__["prisma"].profile.findUnique()` invocation in
/Users/diegopenasanchez/BIZEN/.next/server/chunks/[root-of-the-server]__51c48a24._.js:360:168

  357     });
  358 }
  359 // Get user profile with XP data using Prisma for reliability
→ 360 const profile = await __TURBOPACK__imported__module__$5b$project$5d2f$src$2f$lib$2f$prisma$2e$ts__$5b$app$2d$route$5d$__$28$ecmascript$29$__["prisma"].profile.findUnique(
Can't reach database server at `aws-1-us-east-2.pooler.supabase.com:5432`

Please make sure your database server is running at `aws-1-us-east-2.pooler.supabase.com:5432`.
[2026-03-02T19:40:29.198Z] STATS API CRASH: user=c6097c75-f6b1-4e92-9f8d-c0cb4f9159d8 error=
Invalid `__TURBOPACK__imported__module__$5b$project$5d2f$src$2f$lib$2f$prisma$2e$ts__$5b$app$2d$route$5d$__$28$ecmascript$29$__["prisma"].profile.findUnique()` invocation in
/Users/diegopenasanchez/BIZEN/.next/server/chunks/[root-of-the-server]__51c48a24._.js:360:168

  357     });
  358 }
  359 // Get user profile with XP data using Prisma for reliability
→ 360 const profile = await __TURBOPACK__imported__module__$5b$project$5d2f$src$2f$lib$2f$prisma$2e$ts__$5b$app$2d$route$5d$__$28$ecmascript$29$__["prisma"].profile.findUnique(
Can't reach database server at `aws-1-us-east-2.pooler.supabase.com:5432`

Please make sure your database server is running at `aws-1-us-east-2.pooler.supabase.com:5432`.
[2026-03-02T19:40:40.822Z] STATS API: user=c6097c75-f6b1-4e92-9f8d-c0cb4f9159d8 bizcoins=98500
[2026-03-02T19:41:20.135Z] STATS API: user=c6097c75-f6b1-4e92-9f8d-c0cb4f9159d8 bizcoins=98500
[2026-03-02T19:41:22.020Z] STATS API: user=c6097c75-f6b1-4e92-9f8d-c0cb4f9159d8 bizcoins=98500
[2026-03-02T19:43:21.197Z] STATS API: user=c6097c75-f6b1-4e92-9f8d-c0cb4f9159d8 bizcoins=98500
[2026-03-02T19:43:24.126Z] STATS API: user=c6097c75-f6b1-4e92-9f8d-c0cb4f9159d8 bizcoins=98500
[2026-03-02T19:46:50.619Z] STATS API: user=c6097c75-f6b1-4e92-9f8d-c0cb4f9159d8 bizcoins=98500
[2026-03-02T19:48:41.807Z] STATS API: user=c6097c75-f6b1-4e92-9f8d-c0cb4f9159d8 bizcoins=98500
[2026-03-02T19:48:42.175Z] STATS API: user=c6097c75-f6b1-4e92-9f8d-c0cb4f9159d8 bizcoins=98500
[2026-03-02T19:50:16.695Z] STATS API: user=c6097c75-f6b1-4e92-9f8d-c0cb4f9159d8 bizcoins=98500
[2026-03-02T19:51:26.252Z] STATS API: user=c6097c75-f6b1-4e92-9f8d-c0cb4f9159d8 bizcoins=98500
[2026-03-02T19:51:38.525Z] STATS API: user=c6097c75-f6b1-4e92-9f8d-c0cb4f9159d8 bizcoins=98500
[2026-03-02T19:51:40.654Z] STATS API: user=c6097c75-f6b1-4e92-9f8d-c0cb4f9159d8 bizcoins=98500
[2026-03-02T19:51:43.435Z] STATS API: user=c6097c75-f6b1-4e92-9f8d-c0cb4f9159d8 bizcoins=98500
[2026-03-02T19:51:46.200Z] STATS API: user=c6097c75-f6b1-4e92-9f8d-c0cb4f9159d8 bizcoins=98500
[2026-03-02T19:51:49.451Z] STATS API: user=c6097c75-f6b1-4e92-9f8d-c0cb4f9159d8 bizcoins=98500
[2026-03-02T19:51:50.788Z] STATS API: user=c6097c75-f6b1-4e92-9f8d-c0cb4f9159d8 bizcoins=98500
[2026-03-02T19:51:53.017Z] STATS API: user=c6097c75-f6b1-4e92-9f8d-c0cb4f9159d8 bizcoins=98500
[2026-03-02T19:51:56.565Z] STATS API: user=c6097c75-f6b1-4e92-9f8d-c0cb4f9159d8 bizcoins=98500
[2026-03-02T19:52:00.722Z] STATS API: user=c6097c75-f6b1-4e92-9f8d-c0cb4f9159d8 bizcoins=98500
[2026-03-02T19:52:04.858Z] STATS API: user=c6097c75-f6b1-4e92-9f8d-c0cb4f9159d8 bizcoins=98500
[2026-03-02T19:52:08.583Z] STATS API: user=c6097c75-f6b1-4e92-9f8d-c0cb4f9159d8 bizcoins=98500
[2026-03-02T19:52:12.708Z] STATS API: user=c6097c75-f6b1-4e92-9f8d-c0cb4f9159d8 bizcoins=98500
[2026-03-02T19:52:16.854Z] STATS API: user=c6097c75-f6b1-4e92-9f8d-c0cb4f9159d8 bizcoins=98500
[2026-03-02T19:52:20.917Z] STATS API: user=c6097c75-f6b1-4e92-9f8d-c0cb4f9159d8 bizcoins=98500
[2026-03-02T19:52:26.675Z] STATS API: user=c6097c75-f6b1-4e92-9f8d-c0cb4f9159d8 bizcoins=98500
[2026-03-02T19:52:28.756Z] STATS API: user=c6097c75-f6b1-4e92-9f8d-c0cb4f9159d8 bizcoins=98500
[2026-03-02T19:52:29.550Z] STATS API: user=c6097c75-f6b1-4e92-9f8d-c0cb4f9159d8 bizcoins=98500
[2026-03-02T19:52:30.904Z] STATS API: user=c6097c75-f6b1-4e92-9f8d-c0cb4f9159d8 bizcoins=98500
[2026-03-02T19:52:32.335Z] STATS API: user=c6097c75-f6b1-4e92-9f8d-c0cb4f9159d8 bizcoins=98500
[2026-03-02T19:52:34.676Z] STATS API: user=c6097c75-f6b1-4e92-9f8d-c0cb4f9159d8 bizcoins=98500
[2026-03-02T19:52:35.906Z] STATS API: user=c6097c75-f6b1-4e92-9f8d-c0cb4f9159d8 bizcoins=98500
[2026-03-02T19:52:37.097Z] STATS API: user=c6097c75-f6b1-4e92-9f8d-c0cb4f9159d8 bizcoins=98500
[2026-03-02T19:52:38.823Z] STATS API: user=c6097c75-f6b1-4e92-9f8d-c0cb4f9159d8 bizcoins=98500
[2026-03-02T19:52:41.090Z] STATS API: user=c6097c75-f6b1-4e92-9f8d-c0cb4f9159d8 bizcoins=98500
[2026-03-02T19:52:43.007Z] STATS API: user=c6097c75-f6b1-4e92-9f8d-c0cb4f9159d8 bizcoins=98500
[2026-03-02T19:52:44.901Z] STATS API: user=c6097c75-f6b1-4e92-9f8d-c0cb4f9159d8 bizcoins=98500
[2026-03-02T19:52:48.599Z] STATS API: user=c6097c75-f6b1-4e92-9f8d-c0cb4f9159d8 bizcoins=98500
[2026-03-02T19:52:52.609Z] STATS API: user=c6097c75-f6b1-4e92-9f8d-c0cb4f9159d8 bizcoins=98500
[2026-03-02T19:52:56.811Z] STATS API: user=c6097c75-f6b1-4e92-9f8d-c0cb4f9159d8 bizcoins=98500
[2026-03-02T19:53:00.859Z] STATS API: user=c6097c75-f6b1-4e92-9f8d-c0cb4f9159d8 bizcoins=98500
[2026-03-02T19:53:03.466Z] STATS API: user=c6097c75-f6b1-4e92-9f8d-c0cb4f9159d8 bizcoins=98500
[2026-03-02T19:53:05.317Z] STATS API: user=c6097c75-f6b1-4e92-9f8d-c0cb4f9159d8 bizcoins=98500
[2026-03-02T19:53:05.459Z] STATS API: user=c6097c75-f6b1-4e92-9f8d-c0cb4f9159d8 bizcoins=98500
[2026-03-02T19:53:09.145Z] STATS API: user=c6097c75-f6b1-4e92-9f8d-c0cb4f9159d8 bizcoins=98500
[2026-03-02T19:53:10.419Z] STATS API: user=c6097c75-f6b1-4e92-9f8d-c0cb4f9159d8 bizcoins=98500
[2026-03-02T19:53:11.242Z] STATS API: user=c6097c75-f6b1-4e92-9f8d-c0cb4f9159d8 bizcoins=98500
[2026-03-02T19:53:13.092Z] STATS API: user=c6097c75-f6b1-4e92-9f8d-c0cb4f9159d8 bizcoins=98500
[2026-03-02T19:53:14.065Z] STATS API: user=c6097c75-f6b1-4e92-9f8d-c0cb4f9159d8 bizcoins=98500
[2026-03-02T19:53:16.668Z] STATS API: user=c6097c75-f6b1-4e92-9f8d-c0cb4f9159d8 bizcoins=98500
[2026-03-02T19:53:19.267Z] STATS API: user=c6097c75-f6b1-4e92-9f8d-c0cb4f9159d8 bizcoins=98500
[2026-03-02T19:53:19.442Z] STATS API: user=c6097c75-f6b1-4e92-9f8d-c0cb4f9159d8 bizcoins=98500
[2026-03-02T19:53:21.505Z] STATS API: user=c6097c75-f6b1-4e92-9f8d-c0cb4f9159d8 bizcoins=98500
[2026-03-02T19:53:25.255Z] STATS API: user=c6097c75-f6b1-4e92-9f8d-c0cb4f9159d8 bizcoins=98500
[2026-03-02T19:53:29.115Z] STATS API: user=c6097c75-f6b1-4e92-9f8d-c0cb4f9159d8 bizcoins=98500
[2026-03-02T19:53:32.750Z] STATS API: user=c6097c75-f6b1-4e92-9f8d-c0cb4f9159d8 bizcoins=98500
[2026-03-02T19:53:36.496Z] STATS API: user=c6097c75-f6b1-4e92-9f8d-c0cb4f9159d8 bizcoins=98500
[2026-03-02T19:53:41.263Z] STATS API: user=c6097c75-f6b1-4e92-9f8d-c0cb4f9159d8 bizcoins=98500
[2026-03-02T19:53:43.225Z] STATS API: user=c6097c75-f6b1-4e92-9f8d-c0cb4f9159d8 bizcoins=98500
[2026-03-02T19:53:44.919Z] STATS API: user=c6097c75-f6b1-4e92-9f8d-c0cb4f9159d8 bizcoins=98500
[2026-03-02T19:53:45.612Z] STATS API: user=c6097c75-f6b1-4e92-9f8d-c0cb4f9159d8 bizcoins=98500
[2026-03-02T19:53:51.204Z] STATS API: user=c6097c75-f6b1-4e92-9f8d-c0cb4f9159d8 bizcoins=98500
[2026-03-02T19:53:52.523Z] STATS API: user=c6097c75-f6b1-4e92-9f8d-c0cb4f9159d8 bizcoins=98500
[2026-03-02T19:53:54.991Z] STATS API: user=c6097c75-f6b1-4e92-9f8d-c0cb4f9159d8 bizcoins=98500
[2026-03-02T19:53:55.187Z] STATS API: user=c6097c75-f6b1-4e92-9f8d-c0cb4f9159d8 bizcoins=98500
[2026-03-02T19:54:00.240Z] STATS API: user=c6097c75-f6b1-4e92-9f8d-c0cb4f9159d8 bizcoins=98500
[2026-03-02T19:54:00.402Z] STATS API: user=c6097c75-f6b1-4e92-9f8d-c0cb4f9159d8 bizcoins=98500
[2026-03-02T19:54:02.935Z] STATS API: user=c6097c75-f6b1-4e92-9f8d-c0cb4f9159d8 bizcoins=98500
[2026-03-02T19:54:04.204Z] STATS API: user=c6097c75-f6b1-4e92-9f8d-c0cb4f9159d8 bizcoins=98500
[2026-03-02T20:03:08.131Z] STATS API: user=c6097c75-f6b1-4e92-9f8d-c0cb4f9159d8 bizcoins=98500
[2026-03-02T20:03:11.985Z] STATS API: user=c6097c75-f6b1-4e92-9f8d-c0cb4f9159d8 bizcoins=98500
[2026-03-02T20:03:22.776Z] STATS API: user=c6097c75-f6b1-4e92-9f8d-c0cb4f9159d8 bizcoins=98500
[2026-03-02T20:03:26.727Z] STATS API: user=c6097c75-f6b1-4e92-9f8d-c0cb4f9159d8 bizcoins=98500
[2026-03-02T20:03:42.532Z] STATS API: user=c6097c75-f6b1-4e92-9f8d-c0cb4f9159d8 bizcoins=98500
[2026-03-02T20:03:53.047Z] STATS API: user=c6097c75-f6b1-4e92-9f8d-c0cb4f9159d8 bizcoins=98500
[2026-03-02T20:04:42.675Z] STATS API: user=c6097c75-f6b1-4e92-9f8d-c0cb4f9159d8 bizcoins=98500
[2026-03-02T20:04:46.922Z] STATS API: user=c6097c75-f6b1-4e92-9f8d-c0cb4f9159d8 bizcoins=98500
[2026-03-02T20:05:04.368Z] STATS API: user=c6097c75-f6b1-4e92-9f8d-c0cb4f9159d8 bizcoins=98500
[2026-03-02T20:05:12.814Z] STATS API: user=c6097c75-f6b1-4e92-9f8d-c0cb4f9159d8 bizcoins=98500
[2026-03-02T20:08:39.174Z] STATS API: user=c6097c75-f6b1-4e92-9f8d-c0cb4f9159d8 bizcoins=98500
[2026-03-02T20:08:44.042Z] STATS API: user=c6097c75-f6b1-4e92-9f8d-c0cb4f9159d8 bizcoins=98500
[2026-03-02T20:19:48.456Z] STATS API: user=c6097c75-f6b1-4e92-9f8d-c0cb4f9159d8 bizcoins=98500
[2026-03-02T20:19:51.937Z] STATS API: user=c6097c75-f6b1-4e92-9f8d-c0cb4f9159d8 bizcoins=98500
[2026-03-02T20:19:56.349Z] STATS API: user=c6097c75-f6b1-4e92-9f8d-c0cb4f9159d8 bizcoins=98500
[2026-03-02T20:19:59.998Z] STATS API: user=c6097c75-f6b1-4e92-9f8d-c0cb4f9159d8 bizcoins=98500
[2026-03-02T20:21:19.081Z] STATS API: user=c6097c75-f6b1-4e92-9f8d-c0cb4f9159d8 bizcoins=98500
[2026-03-02T20:21:22.654Z] STATS API: user=c6097c75-f6b1-4e92-9f8d-c0cb4f9159d8 bizcoins=98500
[2026-03-02T20:21:31.924Z] STATS API: user=c6097c75-f6b1-4e92-9f8d-c0cb4f9159d8 bizcoins=98500
[2026-03-02T20:21:53.921Z] STATS API: user=c6097c75-f6b1-4e92-9f8d-c0cb4f9159d8 bizcoins=98500
[2026-03-02T20:24:07.573Z] STATS API: user=c6097c75-f6b1-4e92-9f8d-c0cb4f9159d8 bizcoins=98500
[2026-03-02T20:24:11.277Z] STATS API: user=c6097c75-f6b1-4e92-9f8d-c0cb4f9159d8 bizcoins=98500
[2026-03-02T20:24:15.819Z] STATS API: user=c6097c75-f6b1-4e92-9f8d-c0cb4f9159d8 bizcoins=98500
[2026-03-02T20:24:21.516Z] STATS API: user=c6097c75-f6b1-4e92-9f8d-c0cb4f9159d8 bizcoins=98500
[2026-03-02T20:30:09.036Z] STATS API: user=c6097c75-f6b1-4e92-9f8d-c0cb4f9159d8 bizcoins=98500
[2026-03-02T20:30:12.851Z] STATS API: user=c6097c75-f6b1-4e92-9f8d-c0cb4f9159d8 bizcoins=98500
[2026-03-02T20:45:37.933Z] STATS API: user=c6097c75-f6b1-4e92-9f8d-c0cb4f9159d8 bizcoins=98500
[2026-03-02T20:45:43.279Z] STATS API: user=c6097c75-f6b1-4e92-9f8d-c0cb4f9159d8 bizcoins=98500
[2026-03-02T20:45:48.028Z] STATS API: user=c6097c75-f6b1-4e92-9f8d-c0cb4f9159d8 bizcoins=98500
[2026-03-02T20:45:53.576Z] STATS API: user=c6097c75-f6b1-4e92-9f8d-c0cb4f9159d8 bizcoins=98500
[2026-03-02T20:58:22.355Z] STATS API: user=c6097c75-f6b1-4e92-9f8d-c0cb4f9159d8 bizcoins=98500
[2026-03-02T20:58:50.521Z] STATS API: user=c6097c75-f6b1-4e92-9f8d-c0cb4f9159d8 bizcoins=98500
[2026-03-02T20:59:11.077Z] STATS API: user=c6097c75-f6b1-4e92-9f8d-c0cb4f9159d8 bizcoins=98500
[2026-03-02T20:59:29.514Z] STATS API: user=c6097c75-f6b1-4e92-9f8d-c0cb4f9159d8 bizcoins=98500
[2026-03-02T21:25:17.801Z] STATS API: user=c6097c75-f6b1-4e92-9f8d-c0cb4f9159d8 bizcoins=98500
[2026-03-02T21:25:21.931Z] STATS API: user=c6097c75-f6b1-4e92-9f8d-c0cb4f9159d8 bizcoins=98500
[2026-03-02T21:25:25.223Z] STATS API: user=c6097c75-f6b1-4e92-9f8d-c0cb4f9159d8 bizcoins=98500
[2026-03-02T21:25:28.488Z] STATS API: user=c6097c75-f6b1-4e92-9f8d-c0cb4f9159d8 bizcoins=98500
[2026-03-02T21:25:32.171Z] STATS API: user=c6097c75-f6b1-4e92-9f8d-c0cb4f9159d8 bizcoins=98500
[2026-03-02T21:25:35.424Z] STATS API: user=c6097c75-f6b1-4e92-9f8d-c0cb4f9159d8 bizcoins=98500
